[18:14:55.650][info] [#0:/home/cupoftea/.config/nvim/lua-language-server/main.lua:65]: Lua Lsp startup, root: 	/home/cupoftea/.config/nvim/lua-language-server
[18:14:55.650][info] [#0:/home/cupoftea/.config/nvim/lua-language-server/main.lua:66]: ROOT:	/home/cupoftea/.config/nvim/lua-language-server
[18:14:55.650][info] [#0:/home/cupoftea/.config/nvim/lua-language-server/main.lua:67]: LOGPATH:	/home/cupoftea/.config/nvim/lua-language-server/log
[18:14:55.650][info] [#0:/home/cupoftea/.config/nvim/lua-language-server/main.lua:68]: METAPATH:	/home/cupoftea/.config/nvim/lua-language-server/meta
[18:14:55.651][info] [#0:/home/cupoftea/.config/nvim/lua-language-server/main.lua:69]: VERSION:	3.4.2
[18:14:55.667][info] [#0:script/service/service.lua:141]: 
========= Medical Examination Report =========
    --------------- Memory ---------------
        Total: 1.779 MB
        # 00 : 1.779 MB
        # 01 : 0.000 MB
        # 02 : 0.000 MB
        # 03 : 0.000 MB
        # 04 : 0.000 MB
    --------------- Coroutine ---------------
        Total:     0
        Running:   0
        Suspended: 0
        Normal:    0
        Dead:      0
    --------------- Cache ---------------
        Total: 1
        Dead:  0
    ---------------  RPC  ---------------
        Holdon:   0
        Waiting:  0
==============================================
[18:14:55.771][info] [#0:script/language.lua:137]: VSC language: nil
[18:14:55.771][info] [#0:script/language.lua:138]: LS  language: en-us
[18:14:55.771][info] [#0:script/workspace/workspace.lua:39]: Workspace init root: 	file:///home/cupoftea/.dotfiles
[18:14:55.771][info] [#0:script/workspace/workspace.lua:43]: Log path: 	/home/cupoftea/.config/nvim/lua-language-server/log/file_home_cupoftea_.dotfiles.log
